1779412892180:tool-call request --prompt "你好"
1779413166179:tool-call request --prompt "帮我查一下今天的天气"
1779413985679:tool-call request --prompt "你好"
1779414905854:git status
1779416038264:tool-call list-models
1779416043881:tool-call request --prompt "Describe China in one sentence" -m sensenova
1779417095100:tool-call request --prompt "Tell me today's weather" -m sensenova
1779417350284:tool-call request --prompt "Tell me about China" -m sensenova
1779417864159:tool-call request --prompt "What question did I ask you just now" -m sensenova
1779418333320:tool-call request -p "Tell me about China" -m sensenova -c demo
1779418355411:tool-call request -p "What question did I ask you just now" -m sensenova -c demo
1779418475193:tool-call request -p "What question did I ask you just now" -m sensenova
1779418852631:tool-call request -p "Describe tools you can support" -m sensenova
1779697421998:tool-call request -p "Tell me about China" -c demo
1779697486006:tool-call request -p "which country did I ask just now" -c demo
1779697495371:tool-call request -p "which country did I ask just now"
1779852720931:janus request --prompt 帮我创建一个文件，内容为hello world，文件名为first_file.txt
1779852868496:janus request --prompt "我刚刚的问题是什么"
1779852951994:janus request --prompt "帮我创建一个文件，内容为hello world，文件名为first_file.txt"
1779853052260:janus request --prompt "帮我创建一个python脚本，脚本实现加法，比如传入3 5，脚本输出8"
1779861822316:janus request --prompt "修改脚本/Users/jixie/sbox/Janus/shell/workspace/add.py，改为计算乘法"
1779862144403:janus request --prompt "修改脚本/Users/jixie/sbox/Janus/shell/workspace/add.py，改为计算减法"
1779862190774:janus request --prompt "修改脚本/Users/jixie/sbox/Janus/shell/workspace/add.py，改为计算乘法"
1779863423255:janus request --prompt "修改脚本/Users/jixie/sbox/Janus/shell/workspace/add.py，改为计算加法"
